0 info it worked if it ends with ok
1 verbose cli [ 'node', '/usr/local/bin/npm', 'start' ]
2 info using npm@1.1.46
3 info using node@v0.8.5
4 verbose config file /Users/recipher/.npmrc
5 verbose config file /usr/local/etc/npmrc
6 verbose config file /usr/local/lib/node_modules/npm/npmrc
7 verbose read json /Users/recipher/Code/weecog/proof/package.json
8 verbose run-script [ 'prestart', 'start', 'poststart' ]
9 info prestart proof@0.1.0
10 info start proof@0.1.0
11 verbose unsafe-perm in lifecycle true
12 silly exec sh "-c" "node bootstrap.js"
13 silly sh,-c,node bootstrap.js,/Users/recipher/Code/weecog/proof spawning
14 info proof@0.1.0 Failed to exec start script
15 error proof@0.1.0 start: `node bootstrap.js`
15 error `sh "-c" "node bootstrap.js"` failed with 1
16 error Failed at the proof@0.1.0 start script.
16 error This is most likely a problem with the proof package,
16 error not with npm itself.
16 error Tell the author that this fails on your system:
16 error     node bootstrap.js
16 error You can get their info via:
16 error     npm owner ls proof
16 error There is likely additional logging output above.
17 error System Darwin 11.4.0
18 error command "node" "/usr/local/bin/npm" "start"
19 error cwd /Users/recipher/Code/weecog/proof
20 error node -v v0.8.5
21 error npm -v 1.1.46
22 error code ELIFECYCLE
23 verbose exit [ 1, true ]
